<?xml version="1.0" encoding="UTF-8"?>
<testsuite xmlns:xsi="http://www.w3.org/2001/XMLSchema-instance" xsi:noNamespaceSchemaLocation="https://maven.apache.org/surefire/maven-surefire-plugin/xsd/surefire-test-report-3.0.xsd" version="3.0" name="com.example.iConnectorFIrstVersion.IConnectorFIrstVersionApplicationTests" time="1.756" tests="1" errors="0" skipped="0" failures="0">
  <properties>
[...]
</properties>
  <testcase name="contextLoads" classname="com.example.iConnectorFIrstVersion.IConnectorFIrstVersionApplicationTests" time="0.647">
    <system-out><![CDATA[23:13:16.286 [main] INFO org.springframework.test.context.support.AnnotationConfigContextLoaderUtils -- Could not detect default configuration classes for test class [com.example.iConnectorFIrstVersion.IConnectorFIrstVersionApplicationTests]: IConnectorFIrstVersionApplicationTests does not declare any static, non-private, non-final, nested classes annotated with @Configuration.
23:13:16.369 [main] INFO org.springframework.boot.test.context.SpringBootTestContextBootstrapper -- Found @SpringBootConfiguration com.example.iConnectorFIrstVersion.IConnectorFIrstVersionApplication for test class com.example.iConnectorFIrstVersion.IConnectorFIrstVersionApplicationTests

  .   ____          _            __ _ _
 /\\ / ___'_ __ _ _(_)_ __  __ _ \ \ \ \
( ( )\___ | '_ | '_| | '_ \/ _` | \ \ \ \
 \\/  ___)| |_)| | | | | || (_| |  ) ) ) )
  '  |____| .__|_| |_|_| |_\__, | / / / /
 =========|_|==============|___/=/_/_/_/
 :: Spring Boot ::                (v3.2.4)

2024-03-23T23:13:16.671+01:00  INFO 39604 --- [           main] i.IConnectorFIrstVersionApplicationTests : Starting IConnectorFIrstVersionApplicationTests using Java 21.0.1 with PID 39604 (started by thepav in C:\Users\thepav\Desktop\iConnectorFIrstVersion\iConnectorFIrstVersion)
2024-03-23T23:13:16.672+01:00  INFO 39604 --- [           main] i.IConnectorFIrstVersionApplicationTests : No active profile set, falling back to 1 default profile: "default"
2024-03-23T23:13:17.258+01:00  INFO 39604 --- [           main] i.IConnectorFIrstVersionApplicationTests : Started IConnectorFIrstVersionApplicationTests in 0.781 seconds (process running for 1.497)
]]></system-out>
    <system-err><![CDATA[WARNING: A Java agent has been loaded dynamically (C:\Users\thepav\.m2\repository\net\bytebuddy\byte-buddy-agent\1.14.12\byte-buddy-agent-1.14.12.jar)
WARNING: If a serviceability tool is in use, please run with -XX:+EnableDynamicAgentLoading to hide this warning
WARNING: If a serviceability tool is not in use, please run with -Djdk.instrument.traceUsage for more information
WARNING: Dynamic loading of agents will be disallowed by default in a future release
]]></system-err>
  </testcase>
</testsuite>